\BOOKMARK [1][-]{section.1}{Introduction}{}% 1
\BOOKMARK [1][-]{section.2}{Basics\040of\040Playing}{}% 2
\BOOKMARK [1][-]{section.3}{Senseand\040Tech}{}% 3
\BOOKMARK [2][-]{subsection.3.1}{Failure}{section.3}% 4
\BOOKMARK [1][-]{section.4}{Character\040Creation}{}% 5
\BOOKMARK [2][-]{subsection.4.1}{Fiction\040First,\040then\040Mechanics}{section.4}% 6
\BOOKMARK [2][-]{subsection.4.2}{Superobjective}{section.4}% 7
\BOOKMARK [2][-]{subsection.4.3}{Switching\040Characters}{section.4}% 8
\BOOKMARK [2][-]{subsection.4.4}{The\040Crunch}{section.4}% 9
\BOOKMARK [1][-]{section.5}{Skills}{}% 10
\BOOKMARK [2][-]{subsection.5.1}{Abilities}{section.5}% 11
\BOOKMARK [1][-]{section.6}{Session\040Zero}{}% 12
\BOOKMARK [1][-]{section.7}{List\040of\040Skills}{}% 13
\BOOKMARK [2][-]{subsection.7.1}{Sense}{section.7}% 14
\BOOKMARK [2][-]{subsection.7.2}{Tech}{section.7}% 15
\BOOKMARK [1][-]{section.8}{List\040of\040Abilities}{}% 16
\BOOKMARK [1][-]{section.9}{Ships}{}% 17
\BOOKMARK [2][-]{subsection.9.1}{Maneuvering}{section.9}% 18
\BOOKMARK [2][-]{subsection.9.2}{Equation\040Cheat\040Sheet}{section.9}% 19
\BOOKMARK [2][-]{subsection.9.3}{Energy\040Source}{section.9}% 20
\BOOKMARK [2][-]{subsection.9.4}{Engines}{section.9}% 21
\BOOKMARK [2][-]{subsection.9.5}{FTL\040Engine}{section.9}% 22
\BOOKMARK [2][-]{subsection.9.6}{Structure}{section.9}% 23
\BOOKMARK [2][-]{subsection.9.7}{Armaments}{section.9}% 24
\BOOKMARK [2][-]{subsection.9.8}{Sensors}{section.9}% 25
\BOOKMARK [2][-]{subsection.9.9}{Ansible}{section.9}% 26
\BOOKMARK [1][-]{section.10}{The\040Stone's\040Throw}{}% 27
\BOOKMARK [2][-]{subsection.10.1}{Description}{section.10}% 28
\BOOKMARK [2][-]{subsection.10.2}{Daily\040Life}{section.10}% 29
\BOOKMARK [2][-]{subsection.10.3}{Energy\040Source}{section.10}% 30
\BOOKMARK [2][-]{subsection.10.4}{Engines}{section.10}% 31
\BOOKMARK [2][-]{subsection.10.5}{FTL\040Engine}{section.10}% 32
\BOOKMARK [2][-]{subsection.10.6}{Structure\040and\040Hull}{section.10}% 33
\BOOKMARK [2][-]{subsection.10.7}{Armaments}{section.10}% 34
\BOOKMARK [2][-]{subsection.10.8}{Sensors}{section.10}% 35
\BOOKMARK [2][-]{subsection.10.9}{Ansible}{section.10}% 36
\BOOKMARK [2][-]{subsection.10.10}{Shuttles}{section.10}% 37
\BOOKMARK [2][-]{subsection.10.11}{Other\040Ships}{section.10}% 38
\BOOKMARK [1][-]{section.11}{Other\040Information}{}% 39
\BOOKMARK [2][-]{subsection.11.1}{The\040Game}{section.11}% 40
\BOOKMARK [2][-]{subsection.11.2}{Inspiration\040and\040Further\040Reading\040/\040Playing}{section.11}% 41
\BOOKMARK [2][-]{subsection.11.3}{The\040Book}{section.11}% 42
\BOOKMARK [2][-]{subsection.11.4}{Modifying\040the\040Book}{section.11}% 43
\BOOKMARK [2][-]{subsection.11.5}{Licensing}{section.11}% 44
\BOOKMARK [1][-]{section.12}{Joke\040Skills\040and\040Abilities}{}% 45
